<?xml version="1.0" encoding="UTF-8"?>
<!-- Generated by org.testng.reporters.JUnitReportReporter -->
<testsuite hostname="LAPTOP-JJKNNLVJ" failures="0" tests="1" name="Master_project.CKD.AppiumBasics" time="0.009" errors="0" timestamp="2025-04-26T21:52:23 AEST" skipped="0">
  <testcase classname="Master_project.CKD.AppiumBasics" name="AppiumTest" time="0.009"/>
</testsuite> <!-- Master_project.CKD.AppiumBasics -->
