<?xml version="1.0" encoding="UTF-8"?>
<!-- Generated by org.testng.reporters.JUnitReportReporter -->
<testsuite hostname="LAPTOP-JJKNNLVJ" failures="0" tests="1" name="Master_project.CKD.WeightReport" time="3.966" errors="0" timestamp="2025-05-06T13:18:33 AEST" skipped="0">
  <testcase classname="Master_project.CKD.WeightReport" name="GetintoWeightReport" time="3.966"/>
</testsuite> <!-- Master_project.CKD.WeightReport -->
